<?xml version="1.0" encoding="UTF-8"?>
<testng-results ignored="0" total="1" passed="1" failed="0" skipped="0">
  <reporter-output>
  </reporter-output>
  <suite started-at="2023-07-13T20:01:40 IST" name="Default suite" finished-at="2023-07-13T20:01:55 IST" duration-ms="14595">
    <groups>
    </groups>
    <test started-at="2023-07-13T20:01:40 IST" name="Default test" finished-at="2023-07-13T20:01:55 IST" duration-ms="14595">
      <class name="testPages.CreateAcoountTestPage">
        <test-method is-config="true" signature="lounchBrowser()[pri:0, instance:testPages.CreateAcoountTestPage@1af2d44a]" started-at="2023-07-13T20:01:41 IST" name="lounchBrowser" finished-at="2023-07-13T20:01:49 IST" duration-ms="8102" status="PASS">
          <reporter-output>
          </reporter-output>
        </test-method> <!-- lounchBrowser -->
        <test-method signature="testCreateAccount(java.lang.String,java.lang.String,java.lang.String,java.lang.String)[pri:0, instance:testPages.CreateAcoountTestPage@1af2d44a]" started-at="2023-07-13T20:01:49 IST" name="testCreateAccount" data-provider="getExcelData" finished-at="2023-07-13T20:01:55 IST" duration-ms="5864" status="PASS">
          <params>
            <param index="0">
              <value>
                <![CDATA[shyam]]>
              </value>
            </param>
            <param index="1">
              <value>
                <![CDATA[warma]]>
              </value>
            </param>
            <param index="2">
              <value>
                <![CDATA[shyamtest@test.com]]>
              </value>
            </param>
            <param index="3">
              <value>
                <![CDATA[Shyam@1234]]>
              </value>
            </param>
          </params>
          <reporter-output>
          </reporter-output>
        </test-method> <!-- testCreateAccount -->
      </class> <!-- testPages.CreateAcoountTestPage -->
    </test> <!-- Default test -->
  </suite> <!-- Default suite -->
</testng-results>
